2017-05-28 20:12:42,233 Reading db...
2017-05-28 20:12:44,258 Reading params...
2017-05-28 20:12:44,270 Calculating features...
2017-05-28 20:13:13,184 Building networks...
2017-05-28 20:13:13,240 Preparing variables...
2017-05-28 20:13:13,598 Compiling functions...
2017-05-28 20:13:32,828 Train test dividing...
2017-05-28 20:13:35,136 Start learning...
2017-05-28 20:13:35,136 Starting epoch 0
2017-05-28 20:13:50,784 Train loss nan
2017-05-28 20:13:55,113 Test loss nan
2017-05-28 20:13:55,113 Starting epoch 1
2017-05-28 20:14:10,258 Train loss nan
2017-05-28 20:14:14,819 Test loss nan
2017-05-28 20:14:14,901 Starting epoch 2
2017-05-28 20:14:29,356 Train loss nan
2017-05-28 20:14:33,202 Test loss nan
2017-05-28 20:14:33,202 Dump results...
2017-05-28 20:21:46,142 Reading db...
2017-05-28 20:21:47,922 Reading params...
2017-05-28 20:21:47,930 Calculating features...
2017-05-28 20:22:17,746 Building networks...
2017-05-28 20:22:17,863 Preparing variables...
2017-05-28 20:22:18,221 Compiling functions...
2017-05-28 20:22:35,861 Train test dividing...
2017-05-28 20:22:38,174 Start learning...
2017-05-28 20:22:38,174 Starting epoch 0
2017-05-28 20:22:53,843 Train loss nan
2017-05-28 20:22:57,936 Test loss nan
2017-05-28 20:22:57,936 Starting epoch 1
2017-05-28 20:23:12,991 Train loss nan
2017-05-28 20:23:17,630 Test loss nan
2017-05-28 20:23:17,630 Starting epoch 2
2017-05-28 20:23:32,159 Train loss nan
2017-05-28 20:23:35,863 Test loss nan
2017-05-28 20:23:35,864 Dump results...
2017-05-29 13:35:53,974 Reading db...
2017-05-29 13:35:56,090 Reading params...
2017-05-29 13:35:56,102 Calculating features...
2017-05-29 13:36:24,384 Building networks...
2017-05-29 13:36:24,493 Preparing variables...
2017-05-29 13:36:24,931 Compiling functions...
2017-05-29 13:36:44,781 Train test dividing...
2017-05-29 13:36:47,053 Start learning...
2017-05-29 13:36:47,054 Starting epoch 0
2017-05-29 13:37:02,462 Train loss nan
2017-05-29 13:37:06,260 Test loss nan
2017-05-29 13:37:06,261 Starting epoch 1
2017-05-29 13:37:20,744 Train loss nan
2017-05-29 13:37:24,814 Test loss nan
2017-05-29 13:37:24,814 Starting epoch 2
2017-05-29 13:37:39,532 Train loss nan
2017-05-29 13:37:43,350 Test loss nan
2017-05-29 13:37:43,350 Dump results...
2017-05-29 13:43:21,775 Reading db...
2017-05-29 13:43:33,295 Reading params...
2017-05-29 13:43:33,309 Calculating features...
2017-05-29 13:47:25,882 Building networks...
2017-05-29 13:47:25,939 Preparing variables...
2017-05-29 13:47:28,139 Compiling functions...
2017-05-29 13:48:47,452 Train test dividing...
2017-05-29 13:48:53,452 Start learning...
2017-05-29 13:51:03,262 Starting epoch 0
2017-05-29 13:51:20,413 Train loss nan
2017-05-29 13:51:23,486 Test loss nan
2017-05-29 13:51:23,486 Starting epoch 1
2017-05-29 13:51:35,939 Train loss nan
2017-05-29 13:51:38,990 Test loss nan
2017-05-29 13:51:38,990 Starting epoch 2
2017-05-29 13:51:54,164 Train loss nan
2017-05-29 13:51:57,761 Test loss nan
2017-05-29 13:51:57,761 Dump results...
2017-05-29 13:51:57,779 Reading db...
2017-05-29 13:52:46,507 Reading db...
2017-05-29 13:52:53,031 Reading params...
2017-05-29 13:52:53,040 Calculating features...
2017-05-29 13:56:19,400 Building networks...
2017-05-29 13:56:19,461 Preparing variables...
2017-05-29 13:56:22,079 Compiling functions...
2017-05-29 13:57:54,639 Train test dividing...
2017-05-29 13:58:00,882 Start learning...
2017-05-29 13:58:00,883 Starting epoch 0
